{
  "RSpec": {
    "coverage": {
      "/Users/bam/turing/2mod/projects/project1/config/environment.rb": {
        "lines": [
          null,
          1,
          null,
          null,
          1
        ]
      },
      "/Users/bam/turing/2mod/projects/project1/config/application.rb": {
        "lines": [
          1,
          null,
          1,
          null,
          1,
          1,
          1,
          1,
          1,
          1,
          1,
          1,
          1,
          1,
          null,
          null,
          null,
          null,
          1,
          null,
          1,
          1,
          null,
          1,
          null,
          null,
          null,
          null,
          null,
          null,
          null,
          null,
          null,
          null,
          1,
          null,
          null
        ]
      },
      "/Users/bam/turing/2mod/projects/project1/config/boot.rb": {
        "lines": [
          1,
          null,
          1,
          1
        ]
      },
      "/Users/bam/turing/2mod/projects/project1/config/environments/test.rb": {
        "lines": [
          1,
          null,
          null,
          null,
          null,
          null,
          null,
          1,
          null,
          null,
          null,
          1,
          null,
          null,
          null,
          null,
          1,
          null,
          null,
          1,
          1,
          null,
          null,
          null,
          null,
          1,
          1,
          1,
          null,
          null,
          1,
          null,
          null,
          1,
          null,
          null,
          1,
          null,
          1,
          null,
          null,
          null,
          null,
          1,
          null,
          null,
          1,
          null,
          null,
          1,
          null,
          null,
          1,
          null,
          null,
          null,
          null,
          null,
          null,
          null
        ]
      },
      "/Users/bam/turing/2mod/projects/project1/config/initializers/assets.rb": {
        "lines": [
          null,
          null,
          null,
          1,
          null,
          null,
          null,
          null,
          null,
          null,
          null,
          null
        ]
      },
      "/Users/bam/turing/2mod/projects/project1/config/initializers/content_security_policy.rb": {
        "lines": [
          null,
          null,
          null,
          null,
          null,
          null,
          null,
          null,
          null,
          null,
          null,
          null,
          null,
          null,
          null,
          null,
          null,
          null,
          null,
          null,
          null,
          null,
          null,
          null,
          null
        ]
      },
      "/Users/bam/turing/2mod/projects/project1/config/initializers/filter_parameter_logging.rb": {
        "lines": [
          null,
          null,
          null,
          null,
          null,
          1,
          null,
          null
        ]
      },
      "/Users/bam/turing/2mod/projects/project1/config/initializers/inflections.rb": {
        "lines": [
          null,
          null,
          null,
          null,
          null,
          null,
          null,
          null,
          null,
          null,
          null,
          null,
          null,
          null,
          null,
          null
        ]
      },
      "/Users/bam/turing/2mod/projects/project1/config/initializers/permissions_policy.rb": {
        "lines": [
          null,
          null,
          null,
          null,
          null,
          null,
          null,
          null,
          null,
          null,
          null
        ]
      },
      "/Users/bam/turing/2mod/projects/project1/config/routes.rb": {
        "lines": [
          1,
          null,
          null,
          null,
          null,
          null,
          1,
          1,
          null,
          1,
          1,
          null,
          1,
          1,
          null,
          null
        ]
      },
      "/Users/bam/turing/2mod/projects/project1/app/helpers/application_helper.rb": {
        "lines": [
          1,
          null
        ]
      },
      "/Users/bam/turing/2mod/projects/project1/spec/features/movies/show_spec.rb": {
        "lines": [
          1,
          null,
          1,
          2,
          2,
          null,
          2,
          2,
          2,
          null,
          1,
          1,
          1,
          null,
          1,
          1,
          1,
          1,
          null,
          1,
          1,
          1,
          1,
          null,
          1,
          1,
          1,
          1,
          null,
          null,
          null
        ]
      },
      "/Users/bam/turing/2mod/projects/project1/spec/features/theaters/index_spec.rb": {
        "lines": [
          1,
          null,
          1,
          3,
          3,
          1,
          1,
          null,
          1,
          1,
          1,
          null,
          null,
          1,
          1,
          1,
          1,
          null,
          null,
          null,
          null,
          null,
          null,
          null
        ]
      },
      "/Users/bam/turing/2mod/projects/project1/spec/features/theaters/show_spec.rb": {
        "lines": [
          1,
          null,
          1,
          4,
          4,
          null,
          4,
          4,
          4,
          null,
          1,
          1,
          1,
          1,
          1,
          1,
          null,
          1,
          1,
          1,
          null,
          null,
          null,
          1,
          1,
          1,
          null,
          1,
          1,
          null,
          null,
          null,
          1,
          1,
          null,
          1,
          1,
          null,
          1,
          1,
          null,
          null,
          null,
          null,
          null,
          null,
          null,
          null,
          null
        ]
      },
      "/Users/bam/turing/2mod/projects/project1/spec/features/theaters_movies/index_spec.rb": {
        "lines": [
          1,
          null,
          1,
          2,
          2,
          null,
          2,
          2,
          2,
          null,
          1,
          1,
          1,
          null,
          1,
          1,
          1,
          1,
          null,
          1,
          1,
          1,
          1,
          null,
          1,
          1,
          1,
          1,
          null,
          null,
          null
        ]
      },
      "/Users/bam/turing/2mod/projects/project1/spec/models/movies_spec.rb": {
        "lines": [
          1,
          null,
          1,
          1,
          2,
          null,
          null
        ]
      },
      "/Users/bam/turing/2mod/projects/project1/app/models/movie.rb": {
        "lines": [
          1,
          1,
          null
        ]
      },
      "/Users/bam/turing/2mod/projects/project1/app/models/application_record.rb": {
        "lines": [
          1,
          1,
          null
        ]
      },
      "/Users/bam/turing/2mod/projects/project1/spec/models/theaters_spec.rb": {
        "lines": [
          1,
          null,
          1,
          1,
          2,
          null,
          null
        ]
      },
      "/Users/bam/turing/2mod/projects/project1/app/models/theater.rb": {
        "lines": [
          1,
          1,
          null,
          1,
          6,
          null,
          null
        ]
      },
      "/Users/bam/turing/2mod/projects/project1/app/controllers/movies_controller.rb": {
        "lines": [
          1,
          null,
          1,
          1,
          null,
          null,
          1,
          1,
          null,
          null
        ]
      },
      "/Users/bam/turing/2mod/projects/project1/app/controllers/application_controller.rb": {
        "lines": [
          1,
          null
        ]
      },
      "/Users/bam/turing/2mod/projects/project1/app/controllers/theaters_controller.rb": {
        "lines": [
          1,
          null,
          1,
          2,
          null,
          null,
          1,
          4,
          null,
          null
        ]
      },
      "/Users/bam/turing/2mod/projects/project1/app/controllers/theaters_movies_controller.rb": {
        "lines": [
          1,
          1,
          2,
          2,
          null,
          null
        ]
      }
    },
    "timestamp": 1689087103
  }
}
